<?xml version="1.0" encoding="UTF-8"?>
<!-- Generated by org.testng.reporters.JUnitXMLReporter -->
<testsuite hostname="localhost.localdomain" name="Default test" tests="79" failures="3" timestamp="27 May 2021 07:40:57 GMT" time="8.223" errors="0">
  <testcase name="@BeforeClass buildGetMapRequest" time="0.0" classname="de.latlon.ets.wms13.core.dgiwg.testsuite.getmap.GetMapInImageExceptionsTest">
    <failure type="java.lang.NullPointerException">
      <![CDATA[java.lang.NullPointerException
	at java.util.ArrayList.<init>(ArrayList.java:178)
	at de.latlon.ets.wms13.core.util.request.WmsRequestBuilder.findSuitableLayerInfo(WmsRequestBuilder.java:193)
	at de.latlon.ets.wms13.core.util.request.WmsRequestBuilder.buildGetMapRequest(WmsRequestBuilder.java:101)
	at de.latlon.ets.wms13.core.dgiwg.testsuite.getmap.BaseGetMapFixture.buildGetMapRequest(BaseGetMapFixture.java:43)
	at sun.reflect.NativeMethodAccessorImpl.invoke0(Native Method)
	at sun.reflect.NativeMethodAccessorImpl.invoke(NativeMethodAccessorImpl.java:62)
	at sun.reflect.DelegatingMethodAccessorImpl.invoke(DelegatingMethodAccessorImpl.java:43)
	at java.lang.reflect.Method.invoke(Method.java:498)
	at org.testng.internal.MethodInvocationHelper.invokeMethod(MethodInvocationHelper.java:86)
	at org.testng.internal.Invoker.invokeConfigurationMethod(Invoker.java:514)
	at org.testng.internal.Invoker.invokeConfigurations(Invoker.java:215)
	at org.testng.internal.Invoker.invokeConfigurations(Invoker.java:142)
	at org.testng.internal.TestMethodWorker.invokeBeforeClassMethods(TestMethodWorker.java:178)
	at org.testng.internal.TestMethodWorker.run(TestMethodWorker.java:108)
	at org.testng.TestRunner.privateRun(TestRunner.java:782)
	at org.testng.TestRunner.run(TestRunner.java:632)
	at org.testng.SuiteRunner.runTest(SuiteRunner.java:366)
	at org.testng.SuiteRunner.runSequentially(SuiteRunner.java:361)
	at org.testng.SuiteRunner.privateRun(SuiteRunner.java:319)
	at org.testng.SuiteRunner.run(SuiteRunner.java:268)
	at org.testng.SuiteRunnerWorker.runSuite(SuiteRunnerWorker.java:52)
	at org.testng.SuiteRunnerWorker.run(SuiteRunnerWorker.java:86)
	at org.testng.TestNG.runSuitesSequentially(TestNG.java:1244)
	at org.testng.TestNG.runSuitesLocally(TestNG.java:1169)
	at org.testng.TestNG.run(TestNG.java:1064)
	at org.testng.remote.AbstractRemoteTestNG.run(AbstractRemoteTestNG.java:115)
	at org.testng.remote.RemoteTestNG.initAndRun(RemoteTestNG.java:251)
	at org.testng.remote.RemoteTestNG.main(RemoteTestNG.java:77)
]]>
    </failure>
  </testcase> <!-- @BeforeClass buildGetMapRequest -->
  <testcase name="@BeforeClass setResultDirectory" time="0.0" classname="de.latlon.ets.wms13.core.dgiwg.testsuite.getmap.GetMapInImageExceptionsTest">
    <skipped/>
  </testcase> <!-- @BeforeClass setResultDirectory -->
  <testcase name="@BeforeMethod clearRequest" time="0.0" classname="de.latlon.ets.wms13.core.dgiwg.testsuite.getmap.GetMapInImageExceptionsTest">
    <skipped/>
  </testcase> <!-- @BeforeMethod clearRequest -->
  <testcase name="@AfterMethod addAttributesOnTestFailure" time="0.0" classname="de.latlon.ets.wms13.core.dgiwg.testsuite.getmap.GetMapInImageExceptionsTest">
    <skipped/>
  </testcase> <!-- @AfterMethod addAttributesOnTestFailure -->
  <testcase name="@AfterMethod addAttributesOnTestSuccess" time="0.0" classname="de.latlon.ets.wms13.core.dgiwg.testsuite.getmap.GetMapInImageExceptionsTest">
    <skipped/>
  </testcase> <!-- @AfterMethod addAttributesOnTestSuccess -->
  <testcase name="@BeforeClass initParser" time="0.0" classname="de.latlon.ets.wms13.core.dgiwg.testsuite.getfeatureinfo.GetFeatureInfoInfoFormatTest">
    <skipped/>
  </testcase> <!-- @BeforeClass initParser -->
  <testcase name="@BeforeClass buildGetMapRequest" time="0.0" classname="de.latlon.ets.wms13.core.dgiwg.testsuite.getfeatureinfo.GetFeatureInfoInfoFormatTest">
    <skipped/>
  </testcase> <!-- @BeforeClass buildGetMapRequest -->
  <testcase name="@BeforeClass initParser" time="0.0" classname="de.latlon.ets.wms13.core.dgiwg.testsuite.getmap.GetMapOutputFormatTest">
    <skipped/>
  </testcase> <!-- @BeforeClass initParser -->
  <testcase name="@BeforeClass buildGetMapRequest" time="0.0" classname="de.latlon.ets.wms13.core.dgiwg.testsuite.getmap.GetMapOutputFormatTest">
    <skipped/>
  </testcase> <!-- @BeforeClass buildGetMapRequest -->
  <testcase name="@BeforeClass setResultDirectory" time="0.0" classname="de.latlon.ets.wms13.core.dgiwg.testsuite.getmap.GetMapOutputFormatTest">
    <skipped/>
  </testcase> <!-- @BeforeClass setResultDirectory -->
  <testcase name="@BeforeMethod clearRequest" time="0.0" classname="de.latlon.ets.wms13.core.dgiwg.testsuite.getmap.GetMapOutputFormatTest">
    <skipped/>
  </testcase> <!-- @BeforeMethod clearRequest -->
  <testcase name="@AfterMethod addAttributesOnTestFailure" time="0.0" classname="de.latlon.ets.wms13.core.dgiwg.testsuite.getmap.GetMapOutputFormatTest">
    <skipped/>
  </testcase> <!-- @AfterMethod addAttributesOnTestFailure -->
  <testcase name="@AfterMethod addAttributesOnTestSuccess" time="0.0" classname="de.latlon.ets.wms13.core.dgiwg.testsuite.getmap.GetMapOutputFormatTest">
    <skipped/>
  </testcase> <!-- @AfterMethod addAttributesOnTestSuccess -->
  <testcase name="@BeforeMethod clearRequest" time="0.0" classname="de.latlon.ets.wms13.core.dgiwg.testsuite.getmap.GetMapOutputFormatTest">
    <skipped/>
  </testcase> <!-- @BeforeMethod clearRequest -->
  <testcase name="@AfterMethod addAttributesOnTestFailure" time="0.0" classname="de.latlon.ets.wms13.core.dgiwg.testsuite.getmap.GetMapOutputFormatTest">
    <skipped/>
  </testcase> <!-- @AfterMethod addAttributesOnTestFailure -->
  <testcase name="@AfterMethod addAttributesOnTestSuccess" time="0.0" classname="de.latlon.ets.wms13.core.dgiwg.testsuite.getmap.GetMapOutputFormatTest">
    <skipped/>
  </testcase> <!-- @AfterMethod addAttributesOnTestSuccess -->
  <testcase name="@BeforeMethod clearRequest" time="0.0" classname="de.latlon.ets.wms13.core.dgiwg.testsuite.getmap.GetMapOutputFormatTest">
    <skipped/>
  </testcase> <!-- @BeforeMethod clearRequest -->
  <testcase name="@AfterMethod addAttributesOnTestFailure" time="0.0" classname="de.latlon.ets.wms13.core.dgiwg.testsuite.getmap.GetMapOutputFormatTest">
    <skipped/>
  </testcase> <!-- @AfterMethod addAttributesOnTestFailure -->
  <testcase name="@AfterMethod addAttributesOnTestSuccess" time="0.0" classname="de.latlon.ets.wms13.core.dgiwg.testsuite.getmap.GetMapOutputFormatTest">
    <skipped/>
  </testcase> <!-- @AfterMethod addAttributesOnTestSuccess -->
  <testcase name="@BeforeClass initParser" time="0.0" classname="de.latlon.ets.wms13.core.dgiwg.testsuite.getfeatureinfo.GetFeatureInfoUomTest">
    <skipped/>
  </testcase> <!-- @BeforeClass initParser -->
  <testcase name="@BeforeClass buildGetMapRequest" time="0.0" classname="de.latlon.ets.wms13.core.dgiwg.testsuite.getfeatureinfo.GetFeatureInfoUomTest">
    <skipped/>
  </testcase> <!-- @BeforeClass buildGetMapRequest -->
  <testcase name="@BeforeClass initParser" time="0.0" classname="de.latlon.ets.wms13.core.dgiwg.testsuite.getcapabilities.GetCapabilitiesLayerAttributesTest">
    <skipped/>
  </testcase> <!-- @BeforeClass initParser -->
  <testcase name="@BeforeClass buildGetCapabilitiesRequest" time="0.0" classname="de.latlon.ets.wms13.core.dgiwg.testsuite.getcapabilities.GetCapabilitiesLayerAttributesTest">
    <skipped/>
  </testcase> <!-- @BeforeClass buildGetCapabilitiesRequest -->
  <testcase name="@BeforeClass initParser" time="0.0" classname="de.latlon.ets.wms13.core.dgiwg.testsuite.getcapabilities.GetCapabilitiesLayerScaleDenominatorsTest">
    <skipped/>
  </testcase> <!-- @BeforeClass initParser -->
  <testcase name="@BeforeClass buildGetCapabilitiesRequest" time="0.0" classname="de.latlon.ets.wms13.core.dgiwg.testsuite.getcapabilities.GetCapabilitiesLayerScaleDenominatorsTest">
    <skipped/>
  </testcase> <!-- @BeforeClass buildGetCapabilitiesRequest -->
  <testcase name="@BeforeClass initParser" time="0.0" classname="de.latlon.ets.wms13.core.dgiwg.testsuite.getmap.GetMapTransparencyTest">
    <skipped/>
  </testcase> <!-- @BeforeClass initParser -->
  <testcase name="@BeforeClass buildGetMapRequest" time="0.0" classname="de.latlon.ets.wms13.core.dgiwg.testsuite.getmap.GetMapTransparencyTest">
    <skipped/>
  </testcase> <!-- @BeforeClass buildGetMapRequest -->
  <testcase name="@BeforeClass setResultDirectory" time="0.0" classname="de.latlon.ets.wms13.core.dgiwg.testsuite.getmap.GetMapTransparencyTest">
    <skipped/>
  </testcase> <!-- @BeforeClass setResultDirectory -->
  <testcase name="@BeforeMethod clearRequest" time="0.0" classname="de.latlon.ets.wms13.core.dgiwg.testsuite.getmap.GetMapTransparencyTest">
    <skipped/>
  </testcase> <!-- @BeforeMethod clearRequest -->
  <testcase name="@AfterMethod addAttributesOnTestFailure" time="0.0" classname="de.latlon.ets.wms13.core.dgiwg.testsuite.getmap.GetMapTransparencyTest">
    <skipped/>
  </testcase> <!-- @AfterMethod addAttributesOnTestFailure -->
  <testcase name="@AfterMethod addAttributesOnTestSuccess" time="0.0" classname="de.latlon.ets.wms13.core.dgiwg.testsuite.getmap.GetMapTransparencyTest">
    <skipped/>
  </testcase> <!-- @AfterMethod addAttributesOnTestSuccess -->
  <testcase name="@BeforeMethod clearRequest" time="0.0" classname="de.latlon.ets.wms13.core.dgiwg.testsuite.getmap.GetMapTransparencyTest">
    <skipped/>
  </testcase> <!-- @BeforeMethod clearRequest -->
  <testcase name="@AfterMethod addAttributesOnTestFailure" time="0.0" classname="de.latlon.ets.wms13.core.dgiwg.testsuite.getmap.GetMapTransparencyTest">
    <skipped/>
  </testcase> <!-- @AfterMethod addAttributesOnTestFailure -->
  <testcase name="@AfterMethod addAttributesOnTestSuccess" time="0.0" classname="de.latlon.ets.wms13.core.dgiwg.testsuite.getmap.GetMapTransparencyTest">
    <skipped/>
  </testcase> <!-- @AfterMethod addAttributesOnTestSuccess -->
  <testcase name="@BeforeClass initParser" time="0.0" classname="de.latlon.ets.wms13.core.dgiwg.testsuite.getmap.GetMapMultiDimensionalDataTest">
    <skipped/>
  </testcase> <!-- @BeforeClass initParser -->
  <testcase name="@BeforeClass buildGetMapRequest" time="0.0" classname="de.latlon.ets.wms13.core.dgiwg.testsuite.getmap.GetMapMultiDimensionalDataTest">
    <skipped/>
  </testcase> <!-- @BeforeClass buildGetMapRequest -->
  <testcase name="@BeforeClass setResultDirectory" time="0.0" classname="de.latlon.ets.wms13.core.dgiwg.testsuite.getmap.GetMapMultiDimensionalDataTest">
    <skipped/>
  </testcase> <!-- @BeforeClass setResultDirectory -->
  <testcase name="@BeforeMethod clearRequest" time="0.0" classname="de.latlon.ets.wms13.core.dgiwg.testsuite.getmap.GetMapMultiDimensionalDataTest">
    <skipped/>
  </testcase> <!-- @BeforeMethod clearRequest -->
  <testcase name="@AfterMethod addAttributesOnTestFailure" time="0.0" classname="de.latlon.ets.wms13.core.dgiwg.testsuite.getmap.GetMapMultiDimensionalDataTest">
    <skipped/>
  </testcase> <!-- @AfterMethod addAttributesOnTestFailure -->
  <testcase name="@AfterMethod addAttributesOnTestSuccess" time="0.0" classname="de.latlon.ets.wms13.core.dgiwg.testsuite.getmap.GetMapMultiDimensionalDataTest">
    <skipped/>
  </testcase> <!-- @AfterMethod addAttributesOnTestSuccess -->
  <testcase name="@BeforeMethod clearRequest" time="0.0" classname="de.latlon.ets.wms13.core.dgiwg.testsuite.getmap.GetMapMultiDimensionalDataTest">
    <skipped/>
  </testcase> <!-- @BeforeMethod clearRequest -->
  <testcase name="@AfterMethod addAttributesOnTestFailure" time="0.0" classname="de.latlon.ets.wms13.core.dgiwg.testsuite.getmap.GetMapMultiDimensionalDataTest">
    <skipped/>
  </testcase> <!-- @AfterMethod addAttributesOnTestFailure -->
  <testcase name="@AfterMethod addAttributesOnTestSuccess" time="0.0" classname="de.latlon.ets.wms13.core.dgiwg.testsuite.getmap.GetMapMultiDimensionalDataTest">
    <skipped/>
  </testcase> <!-- @AfterMethod addAttributesOnTestSuccess -->
  <testcase name="@BeforeClass initParser" time="0.0" classname="de.latlon.ets.wms13.core.dgiwg.testsuite.getmap.GetMapRequestParametersTest">
    <skipped/>
  </testcase> <!-- @BeforeClass initParser -->
  <testcase name="@BeforeClass buildGetMapRequest" time="0.0" classname="de.latlon.ets.wms13.core.dgiwg.testsuite.getmap.GetMapRequestParametersTest">
    <skipped/>
  </testcase> <!-- @BeforeClass buildGetMapRequest -->
  <testcase name="@BeforeClass setResultDirectory" time="0.0" classname="de.latlon.ets.wms13.core.dgiwg.testsuite.getmap.GetMapRequestParametersTest">
    <skipped/>
  </testcase> <!-- @BeforeClass setResultDirectory -->
  <testcase name="@BeforeMethod clearRequest" time="0.0" classname="de.latlon.ets.wms13.core.dgiwg.testsuite.getmap.GetMapRequestParametersTest">
    <skipped/>
  </testcase> <!-- @BeforeMethod clearRequest -->
  <testcase name="@AfterMethod addAttributesOnTestFailure" time="0.0" classname="de.latlon.ets.wms13.core.dgiwg.testsuite.getmap.GetMapRequestParametersTest">
    <skipped/>
  </testcase> <!-- @AfterMethod addAttributesOnTestFailure -->
  <testcase name="@AfterMethod addAttributesOnTestSuccess" time="0.0" classname="de.latlon.ets.wms13.core.dgiwg.testsuite.getmap.GetMapRequestParametersTest">
    <skipped/>
  </testcase> <!-- @AfterMethod addAttributesOnTestSuccess -->
  <testcase name="@BeforeClass initParser" time="0.0" classname="de.latlon.ets.wms13.core.dgiwg.testsuite.getcapabilities.GetCapabilitiesLegendFormatTest">
    <skipped/>
  </testcase> <!-- @BeforeClass initParser -->
  <testcase name="@BeforeClass buildGetCapabilitiesRequest" time="0.0" classname="de.latlon.ets.wms13.core.dgiwg.testsuite.getcapabilities.GetCapabilitiesLegendFormatTest">
    <skipped/>
  </testcase> <!-- @BeforeClass buildGetCapabilitiesRequest -->
  <testcase name="@BeforeClass initParser" time="0.0" classname="de.latlon.ets.wms13.core.dgiwg.testsuite.getcapabilities.GetCapabilitiesContentTest">
    <skipped/>
  </testcase> <!-- @BeforeClass initParser -->
  <testcase name="@BeforeClass buildGetCapabilitiesRequest" time="0.0" classname="de.latlon.ets.wms13.core.dgiwg.testsuite.getcapabilities.GetCapabilitiesContentTest">
    <skipped/>
  </testcase> <!-- @BeforeClass buildGetCapabilitiesRequest -->
  <testcase name="@AfterMethod addAttributesOnTestFailure" time="0.0" classname="de.latlon.ets.wms13.core.dgiwg.testsuite.getcapabilities.GetCapabilitiesContentTest">
    <skipped/>
  </testcase> <!-- @AfterMethod addAttributesOnTestFailure -->
  <testcase name="@AfterMethod addAttributesOnTestSuccess" time="0.0" classname="de.latlon.ets.wms13.core.dgiwg.testsuite.getcapabilities.GetCapabilitiesContentTest">
    <skipped/>
  </testcase> <!-- @AfterMethod addAttributesOnTestSuccess -->
  <testcase name="@AfterMethod addAttributesOnTestFailure" time="0.0" classname="de.latlon.ets.wms13.core.dgiwg.testsuite.getcapabilities.GetCapabilitiesContentTest">
    <skipped/>
  </testcase> <!-- @AfterMethod addAttributesOnTestFailure -->
  <testcase name="@AfterMethod addAttributesOnTestSuccess" time="0.0" classname="de.latlon.ets.wms13.core.dgiwg.testsuite.getcapabilities.GetCapabilitiesContentTest">
    <skipped/>
  </testcase> <!-- @AfterMethod addAttributesOnTestSuccess -->
  <testcase name="@AfterMethod addAttributesOnTestFailure" time="0.0" classname="de.latlon.ets.wms13.core.dgiwg.testsuite.getcapabilities.GetCapabilitiesContentTest">
    <skipped/>
  </testcase> <!-- @AfterMethod addAttributesOnTestFailure -->
  <testcase name="@AfterMethod addAttributesOnTestSuccess" time="0.0" classname="de.latlon.ets.wms13.core.dgiwg.testsuite.getcapabilities.GetCapabilitiesContentTest">
    <skipped/>
  </testcase> <!-- @AfterMethod addAttributesOnTestSuccess -->
  <testcase name="@AfterMethod addAttributesOnTestFailure" time="0.0" classname="de.latlon.ets.wms13.core.dgiwg.testsuite.getcapabilities.GetCapabilitiesContentTest">
    <skipped/>
  </testcase> <!-- @AfterMethod addAttributesOnTestFailure -->
  <testcase name="@AfterMethod addAttributesOnTestSuccess" time="0.0" classname="de.latlon.ets.wms13.core.dgiwg.testsuite.getcapabilities.GetCapabilitiesContentTest">
    <skipped/>
  </testcase> <!-- @AfterMethod addAttributesOnTestSuccess -->
  <testcase name="@AfterMethod addAttributesOnTestFailure" time="0.0" classname="de.latlon.ets.wms13.core.dgiwg.testsuite.getcapabilities.GetCapabilitiesContentTest">
    <skipped/>
  </testcase> <!-- @AfterMethod addAttributesOnTestFailure -->
  <testcase name="@AfterMethod addAttributesOnTestSuccess" time="0.0" classname="de.latlon.ets.wms13.core.dgiwg.testsuite.getcapabilities.GetCapabilitiesContentTest">
    <skipped/>
  </testcase> <!-- @AfterMethod addAttributesOnTestSuccess -->
  <testcase name="@AfterMethod addAttributesOnTestFailure" time="0.0" classname="de.latlon.ets.wms13.core.dgiwg.testsuite.getcapabilities.GetCapabilitiesContentTest">
    <skipped/>
  </testcase> <!-- @AfterMethod addAttributesOnTestFailure -->
  <testcase name="@AfterMethod addAttributesOnTestSuccess" time="0.0" classname="de.latlon.ets.wms13.core.dgiwg.testsuite.getcapabilities.GetCapabilitiesContentTest">
    <skipped/>
  </testcase> <!-- @AfterMethod addAttributesOnTestSuccess -->
  <testcase name="@AfterMethod addAttributesOnTestFailure" time="0.0" classname="de.latlon.ets.wms13.core.dgiwg.testsuite.getcapabilities.GetCapabilitiesContentTest">
    <skipped/>
  </testcase> <!-- @AfterMethod addAttributesOnTestFailure -->
  <testcase name="@AfterMethod addAttributesOnTestSuccess" time="0.0" classname="de.latlon.ets.wms13.core.dgiwg.testsuite.getcapabilities.GetCapabilitiesContentTest">
    <skipped/>
  </testcase> <!-- @AfterMethod addAttributesOnTestSuccess -->
  <testcase name="@AfterMethod addAttributesOnTestFailure" time="0.0" classname="de.latlon.ets.wms13.core.dgiwg.testsuite.getcapabilities.GetCapabilitiesContentTest">
    <skipped/>
  </testcase> <!-- @AfterMethod addAttributesOnTestFailure -->
  <testcase name="@AfterMethod addAttributesOnTestSuccess" time="0.0" classname="de.latlon.ets.wms13.core.dgiwg.testsuite.getcapabilities.GetCapabilitiesContentTest">
    <skipped/>
  </testcase> <!-- @AfterMethod addAttributesOnTestSuccess -->
  <testcase name="@AfterMethod addAttributesOnTestFailure" time="0.0" classname="de.latlon.ets.wms13.core.dgiwg.testsuite.getcapabilities.GetCapabilitiesContentTest">
    <skipped/>
  </testcase> <!-- @AfterMethod addAttributesOnTestFailure -->
  <testcase name="@AfterMethod addAttributesOnTestSuccess" time="0.0" classname="de.latlon.ets.wms13.core.dgiwg.testsuite.getcapabilities.GetCapabilitiesContentTest">
    <skipped/>
  </testcase> <!-- @AfterMethod addAttributesOnTestSuccess -->
  <testcase name="@BeforeClass initParser" time="0.0" classname="de.latlon.ets.wms13.core.dgiwg.testsuite.getcapabilities.GetCapabilitiesOutputFormatTest">
    <skipped/>
  </testcase> <!-- @BeforeClass initParser -->
  <testcase name="@BeforeClass buildGetCapabilitiesRequest" time="0.0" classname="de.latlon.ets.wms13.core.dgiwg.testsuite.getcapabilities.GetCapabilitiesOutputFormatTest">
    <skipped/>
  </testcase> <!-- @BeforeClass buildGetCapabilitiesRequest -->
  <testcase name="@BeforeMethod clearRequest" time="0.0" classname="de.latlon.ets.wms13.core.dgiwg.testsuite.getcapabilities.GetCapabilitiesOutputFormatTest">
    <skipped/>
  </testcase> <!-- @BeforeMethod clearRequest -->
  <testcase name="@AfterMethod addAttributesOnTestFailure" time="0.0" classname="de.latlon.ets.wms13.core.dgiwg.testsuite.getcapabilities.GetCapabilitiesOutputFormatTest">
    <skipped/>
  </testcase> <!-- @AfterMethod addAttributesOnTestFailure -->
  <testcase name="@AfterMethod addAttributesOnTestSuccess" time="0.0" classname="de.latlon.ets.wms13.core.dgiwg.testsuite.getcapabilities.GetCapabilitiesOutputFormatTest">
    <skipped/>
  </testcase> <!-- @AfterMethod addAttributesOnTestSuccess -->
  <testcase name="@BeforeMethod clearRequest" time="0.0" classname="de.latlon.ets.wms13.core.dgiwg.testsuite.getcapabilities.GetCapabilitiesOutputFormatTest">
    <skipped/>
  </testcase> <!-- @BeforeMethod clearRequest -->
  <testcase name="@AfterMethod addAttributesOnTestFailure" time="0.0" classname="de.latlon.ets.wms13.core.dgiwg.testsuite.getcapabilities.GetCapabilitiesOutputFormatTest">
    <skipped/>
  </testcase> <!-- @AfterMethod addAttributesOnTestFailure -->
  <testcase name="@AfterMethod addAttributesOnTestSuccess" time="0.0" classname="de.latlon.ets.wms13.core.dgiwg.testsuite.getcapabilities.GetCapabilitiesOutputFormatTest">
    <skipped/>
  </testcase> <!-- @AfterMethod addAttributesOnTestSuccess -->
  <testcase name="@BeforeClass initParser" time="0.0" classname="de.latlon.ets.wms13.core.dgiwg.testsuite.getcapabilities.GetCapabilitiesAcceptFormatsTest">
    <skipped/>
  </testcase> <!-- @BeforeClass initParser -->
  <testcase name="@BeforeClass buildGetCapabilitiesRequest" time="0.0" classname="de.latlon.ets.wms13.core.dgiwg.testsuite.getcapabilities.GetCapabilitiesAcceptFormatsTest">
    <skipped/>
  </testcase> <!-- @BeforeClass buildGetCapabilitiesRequest -->
  <testcase name="@BeforeClass initParser" time="0.0" classname="de.latlon.ets.wms13.core.dgiwg.testsuite.getmap.GetMapDimensionsTest">
    <skipped/>
  </testcase> <!-- @BeforeClass initParser -->
  <testcase name="@BeforeClass buildGetMapRequest" time="0.0" classname="de.latlon.ets.wms13.core.dgiwg.testsuite.getmap.GetMapDimensionsTest">
    <skipped/>
  </testcase> <!-- @BeforeClass buildGetMapRequest -->
  <testcase name="@BeforeClass setResultDirectory" time="0.0" classname="de.latlon.ets.wms13.core.dgiwg.testsuite.getmap.GetMapDimensionsTest">
    <skipped/>
  </testcase> <!-- @BeforeClass setResultDirectory -->
  <testcase name="@BeforeMethod clearRequest" time="0.0" classname="de.latlon.ets.wms13.core.dgiwg.testsuite.getmap.GetMapDimensionsTest">
    <skipped/>
  </testcase> <!-- @BeforeMethod clearRequest -->
  <testcase name="@AfterMethod addAttributesOnTestFailure" time="0.0" classname="de.latlon.ets.wms13.core.dgiwg.testsuite.getmap.GetMapDimensionsTest">
    <skipped/>
  </testcase> <!-- @AfterMethod addAttributesOnTestFailure -->
  <testcase name="@AfterMethod addAttributesOnTestSuccess" time="0.0" classname="de.latlon.ets.wms13.core.dgiwg.testsuite.getmap.GetMapDimensionsTest">
    <skipped/>
  </testcase> <!-- @AfterMethod addAttributesOnTestSuccess -->
  <testcase name="@BeforeClass initParser" time="0.0" classname="de.latlon.ets.wms13.core.dgiwg.testsuite.getfeatureinfo.GetFeatureInfoFeatureCountTest">
    <skipped/>
  </testcase> <!-- @BeforeClass initParser -->
  <testcase name="@BeforeClass buildGetMapRequest" time="0.0" classname="de.latlon.ets.wms13.core.dgiwg.testsuite.getfeatureinfo.GetFeatureInfoFeatureCountTest">
    <skipped/>
  </testcase> <!-- @BeforeClass buildGetMapRequest -->
  <testcase name="@AfterMethod addAttributesOnTestFailure" time="0.0" classname="de.latlon.ets.wms13.core.dgiwg.testsuite.getfeatureinfo.GetFeatureInfoFeatureCountTest">
    <skipped/>
  </testcase> <!-- @AfterMethod addAttributesOnTestFailure -->
  <testcase name="@AfterMethod addAttributesOnTestSuccess" time="0.0" classname="de.latlon.ets.wms13.core.dgiwg.testsuite.getfeatureinfo.GetFeatureInfoFeatureCountTest">
    <skipped/>
  </testcase> <!-- @AfterMethod addAttributesOnTestSuccess -->
  <testcase name="@AfterMethod addAttributesOnTestFailure" time="0.0" classname="de.latlon.ets.wms13.core.dgiwg.testsuite.getfeatureinfo.GetFeatureInfoFeatureCountTest">
    <skipped/>
  </testcase> <!-- @AfterMethod addAttributesOnTestFailure -->
  <testcase name="@AfterMethod addAttributesOnTestSuccess" time="0.0" classname="de.latlon.ets.wms13.core.dgiwg.testsuite.getfeatureinfo.GetFeatureInfoFeatureCountTest">
    <skipped/>
  </testcase> <!-- @AfterMethod addAttributesOnTestSuccess -->
  <testcase name="@BeforeClass initParser" time="0.0" classname="de.latlon.ets.wms13.core.dgiwg.testsuite.getcapabilities.GetCapabilitiesRequestParameterTest">
    <skipped/>
  </testcase> <!-- @BeforeClass initParser -->
  <testcase name="@BeforeClass buildGetCapabilitiesRequest" time="0.0" classname="de.latlon.ets.wms13.core.dgiwg.testsuite.getcapabilities.GetCapabilitiesRequestParameterTest">
    <skipped/>
  </testcase> <!-- @BeforeClass buildGetCapabilitiesRequest -->
  <testcase name="@BeforeMethod clearRequest" time="0.0" classname="de.latlon.ets.wms13.core.dgiwg.testsuite.getcapabilities.GetCapabilitiesRequestParameterTest">
    <skipped/>
  </testcase> <!-- @BeforeMethod clearRequest -->
  <testcase name="@AfterMethod addAttributesOnTestFailure" time="0.0" classname="de.latlon.ets.wms13.core.dgiwg.testsuite.getcapabilities.GetCapabilitiesRequestParameterTest">
    <skipped/>
  </testcase> <!-- @AfterMethod addAttributesOnTestFailure -->
  <testcase name="@AfterMethod addAttributesOnTestSuccess" time="0.0" classname="de.latlon.ets.wms13.core.dgiwg.testsuite.getcapabilities.GetCapabilitiesRequestParameterTest">
    <skipped/>
  </testcase> <!-- @AfterMethod addAttributesOnTestSuccess -->
  <testcase name="@BeforeClass initParser" time="0.0" classname="de.latlon.ets.wms13.core.dgiwg.testsuite.getcapabilities.GetCapabilitiesKeywordTest">
    <skipped/>
  </testcase> <!-- @BeforeClass initParser -->
  <testcase name="@BeforeClass buildGetCapabilitiesRequest" time="0.0" classname="de.latlon.ets.wms13.core.dgiwg.testsuite.getcapabilities.GetCapabilitiesKeywordTest">
    <skipped/>
  </testcase> <!-- @BeforeClass buildGetCapabilitiesRequest -->
  <testcase name="@AfterMethod addAttributesOnTestFailure" time="0.0" classname="de.latlon.ets.wms13.core.dgiwg.testsuite.getcapabilities.GetCapabilitiesKeywordTest">
    <skipped/>
  </testcase> <!-- @AfterMethod addAttributesOnTestFailure -->
  <testcase name="@AfterMethod addAttributesOnTestSuccess" time="0.0" classname="de.latlon.ets.wms13.core.dgiwg.testsuite.getcapabilities.GetCapabilitiesKeywordTest">
    <skipped/>
  </testcase> <!-- @AfterMethod addAttributesOnTestSuccess -->
  <testcase name="@BeforeClass initParser" time="0.0" classname="de.latlon.ets.wms13.core.dgiwg.testsuite.getcapabilities.GetCapabilitiesLayerStyleTest">
    <skipped/>
  </testcase> <!-- @BeforeClass initParser -->
  <testcase name="@BeforeClass buildGetCapabilitiesRequest" time="0.0" classname="de.latlon.ets.wms13.core.dgiwg.testsuite.getcapabilities.GetCapabilitiesLayerStyleTest">
    <skipped/>
  </testcase> <!-- @BeforeClass buildGetCapabilitiesRequest -->
  <testcase name="@BeforeClass initParser" time="0.0" classname="de.latlon.ets.wms13.core.dgiwg.testsuite.getcapabilities.GetCapabilitiesAccessConstraintTest">
    <skipped/>
  </testcase> <!-- @BeforeClass initParser -->
  <testcase name="@BeforeClass buildGetCapabilitiesRequest" time="0.0" classname="de.latlon.ets.wms13.core.dgiwg.testsuite.getcapabilities.GetCapabilitiesAccessConstraintTest">
    <skipped/>
  </testcase> <!-- @BeforeClass buildGetCapabilitiesRequest -->
  <testcase name="@AfterMethod addAttributesOnTestFailure" time="0.0" classname="de.latlon.ets.wms13.core.dgiwg.testsuite.getcapabilities.GetCapabilitiesAccessConstraintTest">
    <skipped/>
  </testcase> <!-- @AfterMethod addAttributesOnTestFailure -->
  <testcase name="@AfterMethod addAttributesOnTestSuccess" time="0.0" classname="de.latlon.ets.wms13.core.dgiwg.testsuite.getcapabilities.GetCapabilitiesAccessConstraintTest">
    <skipped/>
  </testcase> <!-- @AfterMethod addAttributesOnTestSuccess -->
  <testcase name="@BeforeClass initParser" time="0.0" classname="de.latlon.ets.wms13.core.dgiwg.testsuite.getcapabilities.GetCapabilitiesDataUrlTest">
    <skipped/>
  </testcase> <!-- @BeforeClass initParser -->
  <testcase name="@BeforeClass buildGetCapabilitiesRequest" time="0.0" classname="de.latlon.ets.wms13.core.dgiwg.testsuite.getcapabilities.GetCapabilitiesDataUrlTest">
    <skipped/>
  </testcase> <!-- @BeforeClass buildGetCapabilitiesRequest -->
  <testcase name="@BeforeClass initParser" time="0.0" classname="de.latlon.ets.wms13.core.dgiwg.testsuite.getcapabilities.ConfiguredOutputFormatTest">
    <skipped/>
  </testcase> <!-- @BeforeClass initParser -->
  <testcase name="@BeforeClass buildGetCapabilitiesRequest" time="0.0" classname="de.latlon.ets.wms13.core.dgiwg.testsuite.getcapabilities.ConfiguredOutputFormatTest">
    <skipped/>
  </testcase> <!-- @BeforeClass buildGetCapabilitiesRequest -->
  <testcase name="@AfterMethod addAttributesOnTestFailure" time="0.0" classname="de.latlon.ets.wms13.core.dgiwg.testsuite.getcapabilities.ConfiguredOutputFormatTest">
    <skipped/>
  </testcase> <!-- @AfterMethod addAttributesOnTestFailure -->
  <testcase name="@AfterMethod addAttributesOnTestSuccess" time="0.0" classname="de.latlon.ets.wms13.core.dgiwg.testsuite.getcapabilities.ConfiguredOutputFormatTest">
    <skipped/>
  </testcase> <!-- @AfterMethod addAttributesOnTestSuccess -->
  <testcase name="@AfterMethod addAttributesOnTestFailure" time="0.0" classname="de.latlon.ets.wms13.core.dgiwg.testsuite.getcapabilities.ConfiguredOutputFormatTest">
    <skipped/>
  </testcase> <!-- @AfterMethod addAttributesOnTestFailure -->
  <testcase name="@AfterMethod addAttributesOnTestSuccess" time="0.0" classname="de.latlon.ets.wms13.core.dgiwg.testsuite.getcapabilities.ConfiguredOutputFormatTest">
    <skipped/>
  </testcase> <!-- @AfterMethod addAttributesOnTestSuccess -->
  <testcase name="@AfterMethod addAttributesOnTestFailure" time="0.0" classname="de.latlon.ets.wms13.core.dgiwg.testsuite.getcapabilities.ConfiguredOutputFormatTest">
    <skipped/>
  </testcase> <!-- @AfterMethod addAttributesOnTestFailure -->
  <testcase name="@AfterMethod addAttributesOnTestSuccess" time="0.0" classname="de.latlon.ets.wms13.core.dgiwg.testsuite.getcapabilities.ConfiguredOutputFormatTest">
    <skipped/>
  </testcase> <!-- @AfterMethod addAttributesOnTestSuccess -->
  <testcase name="@AfterMethod addAttributesOnTestFailure" time="0.0" classname="de.latlon.ets.wms13.core.dgiwg.testsuite.getcapabilities.ConfiguredOutputFormatTest">
    <skipped/>
  </testcase> <!-- @AfterMethod addAttributesOnTestFailure -->
  <testcase name="@AfterMethod addAttributesOnTestSuccess" time="0.0" classname="de.latlon.ets.wms13.core.dgiwg.testsuite.getcapabilities.ConfiguredOutputFormatTest">
    <skipped/>
  </testcase> <!-- @AfterMethod addAttributesOnTestSuccess -->
  <testcase name="@AfterMethod addAttributesOnTestFailure" time="0.0" classname="de.latlon.ets.wms13.core.dgiwg.testsuite.getcapabilities.ConfiguredOutputFormatTest">
    <skipped/>
  </testcase> <!-- @AfterMethod addAttributesOnTestFailure -->
  <testcase name="@AfterMethod addAttributesOnTestSuccess" time="0.0" classname="de.latlon.ets.wms13.core.dgiwg.testsuite.getcapabilities.ConfiguredOutputFormatTest">
    <skipped/>
  </testcase> <!-- @AfterMethod addAttributesOnTestSuccess -->
  <testcase name="@AfterMethod addAttributesOnTestFailure" time="0.0" classname="de.latlon.ets.wms13.core.dgiwg.testsuite.getcapabilities.ConfiguredOutputFormatTest">
    <skipped/>
  </testcase> <!-- @AfterMethod addAttributesOnTestFailure -->
  <testcase name="@AfterMethod addAttributesOnTestSuccess" time="0.0" classname="de.latlon.ets.wms13.core.dgiwg.testsuite.getcapabilities.ConfiguredOutputFormatTest">
    <skipped/>
  </testcase> <!-- @AfterMethod addAttributesOnTestSuccess -->
  <testcase name="@AfterMethod addAttributesOnTestFailure" time="0.0" classname="de.latlon.ets.wms13.core.dgiwg.testsuite.getcapabilities.ConfiguredOutputFormatTest">
    <skipped/>
  </testcase> <!-- @AfterMethod addAttributesOnTestFailure -->
  <testcase name="@AfterMethod addAttributesOnTestSuccess" time="0.0" classname="de.latlon.ets.wms13.core.dgiwg.testsuite.getcapabilities.ConfiguredOutputFormatTest">
    <skipped/>
  </testcase> <!-- @AfterMethod addAttributesOnTestSuccess -->
  <testcase name="@BeforeClass initParser" time="0.0" classname="de.latlon.ets.wms13.core.dgiwg.testsuite.getmap.GetMapLayerCrsTest">
    <skipped/>
  </testcase> <!-- @BeforeClass initParser -->
  <testcase name="@BeforeClass buildGetMapRequest" time="0.0" classname="de.latlon.ets.wms13.core.dgiwg.testsuite.getmap.GetMapLayerCrsTest">
    <skipped/>
  </testcase> <!-- @BeforeClass buildGetMapRequest -->
  <testcase name="@BeforeClass setResultDirectory" time="0.0" classname="de.latlon.ets.wms13.core.dgiwg.testsuite.getmap.GetMapLayerCrsTest">
    <skipped/>
  </testcase> <!-- @BeforeClass setResultDirectory -->
  <testcase name="@BeforeClass initParser" time="0.0" classname="de.latlon.ets.wms13.core.dgiwg.testsuite.getcapabilities.GetCapabilitiesAcceptLanguagesTest">
    <skipped/>
  </testcase> <!-- @BeforeClass initParser -->
  <testcase name="@BeforeClass buildGetCapabilitiesRequest" time="0.0" classname="de.latlon.ets.wms13.core.dgiwg.testsuite.getcapabilities.GetCapabilitiesAcceptLanguagesTest">
    <skipped/>
  </testcase> <!-- @BeforeClass buildGetCapabilitiesRequest -->
  <testcase name="@BeforeClass initParser" time="0.0" classname="de.latlon.ets.wms13.core.dgiwg.testsuite.getcapabilities.GetCapabilitiesLayerCrsTest">
    <skipped/>
  </testcase> <!-- @BeforeClass initParser -->
  <testcase name="@BeforeClass buildGetCapabilitiesRequest" time="0.0" classname="de.latlon.ets.wms13.core.dgiwg.testsuite.getcapabilities.GetCapabilitiesLayerCrsTest">
    <skipped/>
  </testcase> <!-- @BeforeClass buildGetCapabilitiesRequest -->
  <testcase name="@BeforeClass initParser" time="0.0" classname="de.latlon.ets.wms13.core.dgiwg.testsuite.getcapabilities.GetCapabilitiesFeatureListUrlTest">
    <skipped/>
  </testcase> <!-- @BeforeClass initParser -->
  <testcase name="@BeforeClass buildGetCapabilitiesRequest" time="0.0" classname="de.latlon.ets.wms13.core.dgiwg.testsuite.getcapabilities.GetCapabilitiesFeatureListUrlTest">
    <skipped/>
  </testcase> <!-- @BeforeClass buildGetCapabilitiesRequest -->
  <testcase name="@BeforeClass initParser" time="0.0" classname="de.latlon.ets.wms13.core.dgiwg.testsuite.getfeatureinfo.GetFeatureInfoExceptionsTest">
    <skipped/>
  </testcase> <!-- @BeforeClass initParser -->
  <testcase name="@BeforeClass buildGetMapRequest" time="0.0" classname="de.latlon.ets.wms13.core.dgiwg.testsuite.getfeatureinfo.GetFeatureInfoExceptionsTest">
    <skipped/>
  </testcase> <!-- @BeforeClass buildGetMapRequest -->
  <testcase name="@AfterMethod addAttributesOnTestFailure" time="0.0" classname="de.latlon.ets.wms13.core.dgiwg.testsuite.getfeatureinfo.GetFeatureInfoExceptionsTest">
    <skipped/>
  </testcase> <!-- @AfterMethod addAttributesOnTestFailure -->
  <testcase name="@AfterMethod addAttributesOnTestSuccess" time="0.0" classname="de.latlon.ets.wms13.core.dgiwg.testsuite.getfeatureinfo.GetFeatureInfoExceptionsTest">
    <skipped/>
  </testcase> <!-- @AfterMethod addAttributesOnTestSuccess -->
  <testcase name="@AfterMethod addAttributesOnTestFailure" time="0.0" classname="de.latlon.ets.wms13.core.dgiwg.testsuite.getfeatureinfo.GetFeatureInfoExceptionsTest">
    <skipped/>
  </testcase> <!-- @AfterMethod addAttributesOnTestFailure -->
  <testcase name="@AfterMethod addAttributesOnTestSuccess" time="0.0" classname="de.latlon.ets.wms13.core.dgiwg.testsuite.getfeatureinfo.GetFeatureInfoExceptionsTest">
    <skipped/>
  </testcase> <!-- @AfterMethod addAttributesOnTestSuccess -->
  <testcase name="@BeforeClass initParser" time="0.0" classname="de.latlon.ets.wms13.core.dgiwg.testsuite.getcapabilities.GetCapabilitiesMinMaxScaleDenominatorsTest">
    <skipped/>
  </testcase> <!-- @BeforeClass initParser -->
  <testcase name="@BeforeClass buildGetCapabilitiesRequest" time="0.0" classname="de.latlon.ets.wms13.core.dgiwg.testsuite.getcapabilities.GetCapabilitiesMinMaxScaleDenominatorsTest">
    <skipped/>
  </testcase> <!-- @BeforeClass buildGetCapabilitiesRequest -->
  <testcase name="@BeforeClass initParser" time="0.0" classname="de.latlon.ets.wms13.core.dgiwg.testsuite.getmap.GetMapBlankExceptionsTest">
    <skipped/>
  </testcase> <!-- @BeforeClass initParser -->
  <testcase name="@BeforeClass buildGetMapRequest" time="0.0" classname="de.latlon.ets.wms13.core.dgiwg.testsuite.getmap.GetMapBlankExceptionsTest">
    <skipped/>
  </testcase> <!-- @BeforeClass buildGetMapRequest -->
  <testcase name="@BeforeClass setResultDirectory" time="0.0" classname="de.latlon.ets.wms13.core.dgiwg.testsuite.getmap.GetMapBlankExceptionsTest">
    <skipped/>
  </testcase> <!-- @BeforeClass setResultDirectory -->
  <testcase name="@BeforeMethod clearRequest" time="0.0" classname="de.latlon.ets.wms13.core.dgiwg.testsuite.getmap.GetMapBlankExceptionsTest">
    <skipped/>
  </testcase> <!-- @BeforeMethod clearRequest -->
  <testcase name="@AfterMethod addAttributesOnTestFailure" time="0.0" classname="de.latlon.ets.wms13.core.dgiwg.testsuite.getmap.GetMapBlankExceptionsTest">
    <skipped/>
  </testcase> <!-- @AfterMethod addAttributesOnTestFailure -->
  <testcase name="@AfterMethod addAttributesOnTestSuccess" time="0.0" classname="de.latlon.ets.wms13.core.dgiwg.testsuite.getmap.GetMapBlankExceptionsTest">
    <skipped/>
  </testcase> <!-- @AfterMethod addAttributesOnTestSuccess -->
  <testcase name="@BeforeMethod clearRequest" time="0.0" classname="de.latlon.ets.wms13.core.dgiwg.testsuite.getmap.GetMapBlankExceptionsTest">
    <skipped/>
  </testcase> <!-- @BeforeMethod clearRequest -->
  <testcase name="@AfterMethod addAttributesOnTestFailure" time="0.0" classname="de.latlon.ets.wms13.core.dgiwg.testsuite.getmap.GetMapBlankExceptionsTest">
    <skipped/>
  </testcase> <!-- @AfterMethod addAttributesOnTestFailure -->
  <testcase name="@AfterMethod addAttributesOnTestSuccess" time="0.0" classname="de.latlon.ets.wms13.core.dgiwg.testsuite.getmap.GetMapBlankExceptionsTest">
    <skipped/>
  </testcase> <!-- @AfterMethod addAttributesOnTestSuccess -->
  <testcase name="@BeforeClass initParser" time="0.0" classname="de.latlon.ets.wms13.core.dgiwg.testsuite.getcapabilities.GetCapabilitiesStyleTest">
    <skipped/>
  </testcase> <!-- @BeforeClass initParser -->
  <testcase name="@BeforeClass buildGetCapabilitiesRequest" time="0.0" classname="de.latlon.ets.wms13.core.dgiwg.testsuite.getcapabilities.GetCapabilitiesStyleTest">
    <skipped/>
  </testcase> <!-- @BeforeClass buildGetCapabilitiesRequest -->
  <testcase name="@BeforeClass initParser" time="0.0" classname="de.latlon.ets.wms13.core.dgiwg.testsuite.getfeatureinfo.GetFeatureInfoOutputFormatTest">
    <skipped/>
  </testcase> <!-- @BeforeClass initParser -->
  <testcase name="@BeforeClass buildGetMapRequest" time="0.0" classname="de.latlon.ets.wms13.core.dgiwg.testsuite.getfeatureinfo.GetFeatureInfoOutputFormatTest">
    <skipped/>
  </testcase> <!-- @BeforeClass buildGetMapRequest -->
  <testcase name="@BeforeMethod clearRequest" time="0.0" classname="de.latlon.ets.wms13.core.dgiwg.testsuite.getfeatureinfo.GetFeatureInfoOutputFormatTest">
    <skipped/>
  </testcase> <!-- @BeforeMethod clearRequest -->
  <testcase name="@AfterMethod addAttributesOnTestFailure" time="0.0" classname="de.latlon.ets.wms13.core.dgiwg.testsuite.getfeatureinfo.GetFeatureInfoOutputFormatTest">
    <skipped/>
  </testcase> <!-- @AfterMethod addAttributesOnTestFailure -->
  <testcase name="@AfterMethod addAttributesOnTestSuccess" time="0.0" classname="de.latlon.ets.wms13.core.dgiwg.testsuite.getfeatureinfo.GetFeatureInfoOutputFormatTest">
    <skipped/>
  </testcase> <!-- @AfterMethod addAttributesOnTestSuccess -->
  <testcase name="@BeforeMethod clearRequest" time="0.0" classname="de.latlon.ets.wms13.core.dgiwg.testsuite.getfeatureinfo.GetFeatureInfoOutputFormatTest">
    <skipped/>
  </testcase> <!-- @BeforeMethod clearRequest -->
  <testcase name="@AfterMethod addAttributesOnTestFailure" time="0.0" classname="de.latlon.ets.wms13.core.dgiwg.testsuite.getfeatureinfo.GetFeatureInfoOutputFormatTest">
    <skipped/>
  </testcase> <!-- @AfterMethod addAttributesOnTestFailure -->
  <testcase name="@AfterMethod addAttributesOnTestSuccess" time="0.0" classname="de.latlon.ets.wms13.core.dgiwg.testsuite.getfeatureinfo.GetFeatureInfoOutputFormatTest">
    <skipped/>
  </testcase> <!-- @AfterMethod addAttributesOnTestSuccess -->
  <testcase name="@BeforeClass initParser" time="0.0" classname="de.latlon.ets.wms13.core.dgiwg.testsuite.getcapabilities.GetCapabilitiesLegendUrlTest">
    <skipped/>
  </testcase> <!-- @BeforeClass initParser -->
  <testcase name="@BeforeClass buildGetCapabilitiesRequest" time="0.0" classname="de.latlon.ets.wms13.core.dgiwg.testsuite.getcapabilities.GetCapabilitiesLegendUrlTest">
    <skipped/>
  </testcase> <!-- @BeforeClass buildGetCapabilitiesRequest -->
  <testcase name="@BeforeClass initParser" time="0.0" classname="de.latlon.ets.wms13.core.dgiwg.testsuite.DuplicatedParametersException">
    <skipped/>
  </testcase> <!-- @BeforeClass initParser -->
  <testcase name="@BeforeClass buildGetCapabilitiesRequest" time="0.0" classname="de.latlon.ets.wms13.core.dgiwg.testsuite.DuplicatedParametersException">
    <skipped/>
  </testcase> <!-- @BeforeClass buildGetCapabilitiesRequest -->
  <testcase name="@AfterMethod addAttributesOnTestFailure" time="0.0" classname="de.latlon.ets.wms13.core.dgiwg.testsuite.DuplicatedParametersException">
    <skipped/>
  </testcase> <!-- @AfterMethod addAttributesOnTestFailure -->
  <testcase name="@AfterMethod addAttributesOnTestSuccess" time="0.0" classname="de.latlon.ets.wms13.core.dgiwg.testsuite.DuplicatedParametersException">
    <skipped/>
  </testcase> <!-- @AfterMethod addAttributesOnTestSuccess -->
  <testcase name="@BeforeClass initParser" time="0.0" classname="de.latlon.ets.wms13.core.dgiwg.testsuite.getcapabilities.GetCapabilitiesMaxExtendTest">
    <skipped/>
  </testcase> <!-- @BeforeClass initParser -->
  <testcase name="@BeforeClass buildGetCapabilitiesRequest" time="0.0" classname="de.latlon.ets.wms13.core.dgiwg.testsuite.getcapabilities.GetCapabilitiesMaxExtendTest">
    <skipped/>
  </testcase> <!-- @BeforeClass buildGetCapabilitiesRequest -->
  <testcase name="@AfterMethod addAttributesOnTestFailure" time="0.0" classname="de.latlon.ets.wms13.core.dgiwg.testsuite.getcapabilities.GetCapabilitiesMaxExtendTest">
    <skipped/>
  </testcase> <!-- @AfterMethod addAttributesOnTestFailure -->
  <testcase name="@AfterMethod addAttributesOnTestSuccess" time="0.0" classname="de.latlon.ets.wms13.core.dgiwg.testsuite.getcapabilities.GetCapabilitiesMaxExtendTest">
    <skipped/>
  </testcase> <!-- @AfterMethod addAttributesOnTestSuccess -->
  <testcase name="@AfterMethod addAttributesOnTestFailure" time="0.0" classname="de.latlon.ets.wms13.core.dgiwg.testsuite.getcapabilities.GetCapabilitiesMaxExtendTest">
    <skipped/>
  </testcase> <!-- @AfterMethod addAttributesOnTestFailure -->
  <testcase name="@AfterMethod addAttributesOnTestSuccess" time="0.0" classname="de.latlon.ets.wms13.core.dgiwg.testsuite.getcapabilities.GetCapabilitiesMaxExtendTest">
    <skipped/>
  </testcase> <!-- @AfterMethod addAttributesOnTestSuccess -->
  <testcase name="wmsCapabilitiesAbstractContainsProfile" time="0.154" classname="de.latlon.ets.wms13.core.dgiwg.testsuite.getcapabilities.GetCapabilitiesAbstractTest">
    <failure type="java.lang.IllegalArgumentException" message="URI parameter is null">
      <![CDATA[java.lang.IllegalArgumentException: URI parameter is null
	at com.sun.jersey.api.uri.UriBuilderImpl.uri(UriBuilderImpl.java:102)
	at javax.ws.rs.core.UriBuilder.fromUri(UriBuilder.java:81)
	at de.latlon.ets.wms13.core.client.WmsClient.submitGetRequest(WmsClient.java:139)
	at de.latlon.ets.wms13.core.client.WmsClient.submitRequest(WmsClient.java:100)
	at de.latlon.ets.wms13.core.dgiwg.testsuite.getcapabilities.GetCapabilitiesAbstractTest.wmsCapabilitiesAbstractContainsProfile(GetCapabilitiesAbstractTest.java:36)
	at sun.reflect.NativeMethodAccessorImpl.invoke0(Native Method)
	at sun.reflect.NativeMethodAccessorImpl.invoke(NativeMethodAccessorImpl.java:62)
	at sun.reflect.DelegatingMethodAccessorImpl.invoke(DelegatingMethodAccessorImpl.java:43)
	at java.lang.reflect.Method.invoke(Method.java:498)
	at org.testng.internal.MethodInvocationHelper.invokeMethod(MethodInvocationHelper.java:86)
	at org.testng.internal.Invoker.invokeMethod(Invoker.java:643)
	at org.testng.internal.Invoker.invokeTestMethod(Invoker.java:820)
	at org.testng.internal.Invoker.invokeTestMethods(Invoker.java:1128)
	at org.testng.internal.TestMethodWorker.invokeTestMethods(TestMethodWorker.java:129)
	at org.testng.internal.TestMethodWorker.run(TestMethodWorker.java:112)
	at org.testng.TestRunner.privateRun(TestRunner.java:782)
	at org.testng.TestRunner.run(TestRunner.java:632)
	at org.testng.SuiteRunner.runTest(SuiteRunner.java:366)
	at org.testng.SuiteRunner.runSequentially(SuiteRunner.java:361)
	at org.testng.SuiteRunner.privateRun(SuiteRunner.java:319)
	at org.testng.SuiteRunner.run(SuiteRunner.java:268)
	at org.testng.SuiteRunnerWorker.runSuite(SuiteRunnerWorker.java:52)
	at org.testng.SuiteRunnerWorker.run(SuiteRunnerWorker.java:86)
	at org.testng.TestNG.runSuitesSequentially(TestNG.java:1244)
	at org.testng.TestNG.runSuitesLocally(TestNG.java:1169)
	at org.testng.TestNG.run(TestNG.java:1064)
	at org.testng.remote.AbstractRemoteTestNG.run(AbstractRemoteTestNG.java:115)
	at org.testng.remote.RemoteTestNG.initAndRun(RemoteTestNG.java:251)
	at org.testng.remote.RemoteTestNG.main(RemoteTestNG.java:77)
]]>
    </failure>
  </testcase> <!-- wmsCapabilitiesAbstractContainsProfile -->
  <testcase name="invokeBaseTestSuite" time="0.168" classname="de.latlon.ets.wms13.core.dgiwg.testsuite.QueryableWMS">
    <failure type="java.lang.AssertionError" message="Unexpected status code. expected [200] but found [404]">
      <![CDATA[java.lang.AssertionError: Unexpected status code. expected [200] but found [404]
	at org.testng.Assert.fail(Assert.java:94)
	at org.testng.Assert.failNotEquals(Assert.java:513)
	at org.testng.Assert.assertEqualsImpl(Assert.java:135)
	at org.testng.Assert.assertEquals(Assert.java:116)
	at org.testng.Assert.assertEquals(Assert.java:389)
	at de.latlon.ets.wms13.core.dgiwg.testsuite.QueryableWMS.invokeBaseTestSuite(QueryableWMS.java:151)
	at sun.reflect.NativeMethodAccessorImpl.invoke0(Native Method)
	at sun.reflect.NativeMethodAccessorImpl.invoke(NativeMethodAccessorImpl.java:62)
	at sun.reflect.DelegatingMethodAccessorImpl.invoke(DelegatingMethodAccessorImpl.java:43)
	at java.lang.reflect.Method.invoke(Method.java:498)
	at org.testng.internal.MethodInvocationHelper.invokeMethod(MethodInvocationHelper.java:86)
	at org.testng.internal.Invoker.invokeMethod(Invoker.java:643)
	at org.testng.internal.Invoker.invokeTestMethod(Invoker.java:820)
	at org.testng.internal.Invoker.invokeTestMethods(Invoker.java:1128)
	at org.testng.internal.TestMethodWorker.invokeTestMethods(TestMethodWorker.java:129)
	at org.testng.internal.TestMethodWorker.run(TestMethodWorker.java:112)
	at org.testng.TestRunner.privateRun(TestRunner.java:782)
	at org.testng.TestRunner.run(TestRunner.java:632)
	at org.testng.SuiteRunner.runTest(SuiteRunner.java:366)
	at org.testng.SuiteRunner.runSequentially(SuiteRunner.java:361)
	at org.testng.SuiteRunner.privateRun(SuiteRunner.java:319)
	at org.testng.SuiteRunner.run(SuiteRunner.java:268)
	at org.testng.SuiteRunnerWorker.runSuite(SuiteRunnerWorker.java:52)
	at org.testng.SuiteRunnerWorker.run(SuiteRunnerWorker.java:86)
	at org.testng.TestNG.runSuitesSequentially(TestNG.java:1244)
	at org.testng.TestNG.runSuitesLocally(TestNG.java:1169)
	at org.testng.TestNG.run(TestNG.java:1064)
	at org.testng.remote.AbstractRemoteTestNG.run(AbstractRemoteTestNG.java:115)
	at org.testng.remote.RemoteTestNG.initAndRun(RemoteTestNG.java:251)
	at org.testng.remote.RemoteTestNG.main(RemoteTestNG.java:77)
]]>
    </failure>
  </testcase> <!-- invokeBaseTestSuite -->
  <testcase name="getFeatureInfoExceptionInEnglishLanguage" time="0.003" classname="de.latlon.ets.wms13.core.dgiwg.testsuite.getfeatureinfo.interactive.GetFeatureInfoExceptionInEnglishLanguageTest">
    <skipped/>
  </testcase> <!-- getFeatureInfoExceptionInEnglishLanguage -->
  <testcase name="getMapExceptionInEnglishLanguage" time="0.003" classname="de.latlon.ets.wms13.core.dgiwg.testsuite.getmap.interactive.GetMapExceptionInEnglishLanguageTest">
    <skipped/>
  </testcase> <!-- getMapExceptionInEnglishLanguage -->
  <testcase name="wmsGetMapInImageExceptionsSupported" time="0.002" classname="de.latlon.ets.wms13.core.dgiwg.testsuite.getmap.GetMapInImageExceptionsTest">
    <skipped/>
  </testcase> <!-- wmsGetMapInImageExceptionsSupported -->
  <testcase name="wmsCapabilitiesOutputFormatImageGifSupported" time="0.002" classname="de.latlon.ets.wms13.core.dgiwg.testsuite.getmap.GetMapOutputFormatTest">
    <skipped/>
  </testcase> <!-- wmsCapabilitiesOutputFormatImageGifSupported -->
  <testcase name="wmsCapabilitiesOutputFormatImageJpegSupported" time="0.002" classname="de.latlon.ets.wms13.core.dgiwg.testsuite.getmap.GetMapOutputFormatTest">
    <skipped/>
  </testcase> <!-- wmsCapabilitiesOutputFormatImageJpegSupported -->
  <testcase name="wmsCapabilitiesOutputFormatImagePngSupported" time="0.002" classname="de.latlon.ets.wms13.core.dgiwg.testsuite.getmap.GetMapOutputFormatTest">
    <skipped/>
  </testcase> <!-- wmsCapabilitiesOutputFormatImagePngSupported -->
  <testcase name="wmsGetFeatureInfoInfoUnitOfMeasureOfDimensionalData" time="0.0" classname="de.latlon.ets.wms13.core.dgiwg.testsuite.getfeatureinfo.GetFeatureInfoUomTest">
    <skipped/>
  </testcase> <!-- wmsGetFeatureInfoInfoUnitOfMeasureOfDimensionalData -->
  <testcase name="wmsCapabilitiesLayerAttributesExists" time="0.0" classname="de.latlon.ets.wms13.core.dgiwg.testsuite.getcapabilities.GetCapabilitiesLayerAttributesTest">
    <skipped/>
  </testcase> <!-- wmsCapabilitiesLayerAttributesExists -->
  <testcase name="wmsCapabilitiesLayerScaleDenominatorsExists" time="0.0" classname="de.latlon.ets.wms13.core.dgiwg.testsuite.getcapabilities.GetCapabilitiesLayerScaleDenominatorsTest">
    <skipped/>
  </testcase> <!-- wmsCapabilitiesLayerScaleDenominatorsExists -->
  <testcase name="wmsGetMapTransparencySupported_False" time="0.001" classname="de.latlon.ets.wms13.core.dgiwg.testsuite.getmap.GetMapTransparencyTest">
    <skipped/>
  </testcase> <!-- wmsGetMapTransparencySupported_False -->
  <testcase name="wmsGetMapTransparencySupported_True" time="0.003" classname="de.latlon.ets.wms13.core.dgiwg.testsuite.getmap.GetMapTransparencyTest">
    <skipped/>
  </testcase> <!-- wmsGetMapTransparencySupported_True -->
  <testcase name="featureInfoResponseInEnglishLanguage" time="0.002" classname="de.latlon.ets.wms13.core.dgiwg.testsuite.getfeatureinfo.interactive.GetFeatureInfoInEnglishLanguageTest">
    <skipped/>
  </testcase> <!-- featureInfoResponseInEnglishLanguage -->
  <testcase name="wmsGetMapMultiDimensionalDataSupported_Elevation" time="0.001" classname="de.latlon.ets.wms13.core.dgiwg.testsuite.getmap.GetMapMultiDimensionalDataTest">
    <skipped/>
  </testcase> <!-- wmsGetMapMultiDimensionalDataSupported_Elevation -->
  <testcase name="wmsGetMapMultiDimensionalDataSupported_Time" time="0.002" classname="de.latlon.ets.wms13.core.dgiwg.testsuite.getmap.GetMapMultiDimensionalDataTest">
    <skipped/>
  </testcase> <!-- wmsGetMapMultiDimensionalDataSupported_Time -->
  <testcase name="wmsGetMapRequestParametersSupported" time="0.001" classname="de.latlon.ets.wms13.core.dgiwg.testsuite.getmap.GetMapRequestParametersTest">
    <skipped/>
  </testcase> <!-- wmsGetMapRequestParametersSupported -->
  <testcase name="wmsCapabilitiesLayersLegendExitsInCorrectFormat" time="0.0" classname="de.latlon.ets.wms13.core.dgiwg.testsuite.getcapabilities.GetCapabilitiesLegendFormatTest">
    <skipped/>
  </testcase> <!-- wmsCapabilitiesLayersLegendExitsInCorrectFormat -->
  <testcase name="wmsCapabilitiesAbstractExists" time="0.002" classname="de.latlon.ets.wms13.core.dgiwg.testsuite.getcapabilities.GetCapabilitiesContentTest">
    <skipped/>
  </testcase> <!-- wmsCapabilitiesAbstractExists -->
  <testcase name="wmsCapabilitiesAccessConstraintsExists" time="0.002" classname="de.latlon.ets.wms13.core.dgiwg.testsuite.getcapabilities.GetCapabilitiesContentTest">
    <skipped/>
  </testcase> <!-- wmsCapabilitiesAccessConstraintsExists -->
  <testcase name="wmsCapabilitiesContactInformationExists" time="0.001" classname="de.latlon.ets.wms13.core.dgiwg.testsuite.getcapabilities.GetCapabilitiesContentTest">
    <skipped/>
  </testcase> <!-- wmsCapabilitiesContactInformationExists -->
  <testcase name="wmsCapabilitiesFeesExists" time="0.012" classname="de.latlon.ets.wms13.core.dgiwg.testsuite.getcapabilities.GetCapabilitiesContentTest">
    <skipped/>
  </testcase> <!-- wmsCapabilitiesFeesExists -->
  <testcase name="wmsCapabilitiesKeywordListExists" time="0.003" classname="de.latlon.ets.wms13.core.dgiwg.testsuite.getcapabilities.GetCapabilitiesContentTest">
    <skipped/>
  </testcase> <!-- wmsCapabilitiesKeywordListExists -->
  <testcase name="wmsCapabilitiesLayerLimitExists" time="0.001" classname="de.latlon.ets.wms13.core.dgiwg.testsuite.getcapabilities.GetCapabilitiesContentTest">
    <skipped/>
  </testcase> <!-- wmsCapabilitiesLayerLimitExists -->
  <testcase name="wmsCapabilitiesNameExists" time="0.08" classname="de.latlon.ets.wms13.core.dgiwg.testsuite.getcapabilities.GetCapabilitiesContentTest">
    <skipped/>
  </testcase> <!-- wmsCapabilitiesNameExists -->
  <testcase name="wmsCapabilitiesOnlineResourceExists" time="0.004" classname="de.latlon.ets.wms13.core.dgiwg.testsuite.getcapabilities.GetCapabilitiesContentTest">
    <skipped/>
  </testcase> <!-- wmsCapabilitiesOnlineResourceExists -->
  <testcase name="wmsCapabilitiesTitleExists" time="0.004" classname="de.latlon.ets.wms13.core.dgiwg.testsuite.getcapabilities.GetCapabilitiesContentTest">
    <skipped/>
  </testcase> <!-- wmsCapabilitiesTitleExists -->
  <testcase name="wmsCapabilitiesOutputFormatHtmlSupported" time="0.001" classname="de.latlon.ets.wms13.core.dgiwg.testsuite.getcapabilities.GetCapabilitiesOutputFormatTest">
    <skipped/>
  </testcase> <!-- wmsCapabilitiesOutputFormatHtmlSupported -->
  <testcase name="wmsCapabilitiesOutputFormatXmlSupported" time="0.001" classname="de.latlon.ets.wms13.core.dgiwg.testsuite.getcapabilities.GetCapabilitiesOutputFormatTest">
    <skipped/>
  </testcase> <!-- wmsCapabilitiesOutputFormatXmlSupported -->
  <testcase name="wmsCapabilitiesFormatIsAccepted" time="0.0" classname="de.latlon.ets.wms13.core.dgiwg.testsuite.getcapabilities.GetCapabilitiesAcceptFormatsTest">
    <skipped/>
  </testcase> <!-- wmsCapabilitiesFormatIsAccepted -->
  <testcase name="wmsGetMapDimensionsSupported" time="0.001" classname="de.latlon.ets.wms13.core.dgiwg.testsuite.getmap.GetMapDimensionsTest">
    <skipped/>
  </testcase> <!-- wmsGetMapDimensionsSupported -->
  <testcase name="wmsGetFeatureInfoFeatureCountWithValueOfOne" time="0.001" classname="de.latlon.ets.wms13.core.dgiwg.testsuite.getfeatureinfo.GetFeatureInfoFeatureCountTest">
    <skipped/>
  </testcase> <!-- wmsGetFeatureInfoFeatureCountWithValueOfOne -->
  <testcase name="wmsGetFeatureInfoFeatureCountWithValueOfTen" time="0.001" classname="de.latlon.ets.wms13.core.dgiwg.testsuite.getfeatureinfo.GetFeatureInfoFeatureCountTest">
    <skipped/>
  </testcase> <!-- wmsGetFeatureInfoFeatureCountWithValueOfTen -->
  <testcase name="verifyServiceDescription" time="0.001" classname="de.latlon.ets.wms13.core.dgiwg.testsuite.Prerequisites">
    <failure type="java.lang.NullPointerException">
      <![CDATA[java.lang.NullPointerException
	at de.latlon.ets.wms13.core.assertion.WmsAssertion.assertSimpleWMSCapabilities(WmsAssertion.java:32)
	at de.latlon.ets.wms13.core.dgiwg.testsuite.Prerequisites.verifyServiceDescription(Prerequisites.java:40)
	at sun.reflect.NativeMethodAccessorImpl.invoke0(Native Method)
	at sun.reflect.NativeMethodAccessorImpl.invoke(NativeMethodAccessorImpl.java:62)
	at sun.reflect.DelegatingMethodAccessorImpl.invoke(DelegatingMethodAccessorImpl.java:43)
	at java.lang.reflect.Method.invoke(Method.java:498)
	at org.testng.internal.MethodInvocationHelper.invokeMethod(MethodInvocationHelper.java:86)
	at org.testng.internal.Invoker.invokeMethod(Invoker.java:643)
	at org.testng.internal.Invoker.invokeTestMethod(Invoker.java:820)
	at org.testng.internal.Invoker.invokeTestMethods(Invoker.java:1128)
	at org.testng.internal.TestMethodWorker.invokeTestMethods(TestMethodWorker.java:129)
	at org.testng.internal.TestMethodWorker.run(TestMethodWorker.java:112)
	at org.testng.TestRunner.privateRun(TestRunner.java:782)
	at org.testng.TestRunner.run(TestRunner.java:632)
	at org.testng.SuiteRunner.runTest(SuiteRunner.java:366)
	at org.testng.SuiteRunner.runSequentially(SuiteRunner.java:361)
	at org.testng.SuiteRunner.privateRun(SuiteRunner.java:319)
	at org.testng.SuiteRunner.run(SuiteRunner.java:268)
	at org.testng.SuiteRunnerWorker.runSuite(SuiteRunnerWorker.java:52)
	at org.testng.SuiteRunnerWorker.run(SuiteRunnerWorker.java:86)
	at org.testng.TestNG.runSuitesSequentially(TestNG.java:1244)
	at org.testng.TestNG.runSuitesLocally(TestNG.java:1169)
	at org.testng.TestNG.run(TestNG.java:1064)
	at org.testng.remote.AbstractRemoteTestNG.run(AbstractRemoteTestNG.java:115)
	at org.testng.remote.RemoteTestNG.initAndRun(RemoteTestNG.java:251)
	at org.testng.remote.RemoteTestNG.main(RemoteTestNG.java:77)
]]>
    </failure>
  </testcase> <!-- verifyServiceDescription -->
  <testcase name="wmsCapabilitiesOutputFormatParameterSupported" time="0.001" classname="de.latlon.ets.wms13.core.dgiwg.testsuite.getcapabilities.GetCapabilitiesRequestParameterTest">
    <skipped/>
  </testcase> <!-- wmsCapabilitiesOutputFormatParameterSupported -->
  <testcase name="wmsCapabilitiesContainsKeywordFromDFDDRegister" time="0.001" classname="de.latlon.ets.wms13.core.dgiwg.testsuite.getcapabilities.GetCapabilitiesKeywordTest">
    <skipped/>
  </testcase> <!-- wmsCapabilitiesContainsKeywordFromDFDDRegister -->
  <testcase name="wmsCapabilitiesLayerStyleExists" time="0.0" classname="de.latlon.ets.wms13.core.dgiwg.testsuite.getcapabilities.GetCapabilitiesLayerStyleTest">
    <skipped/>
  </testcase> <!-- wmsCapabilitiesLayerStyleExists -->
  <testcase name="wmsCapabilitiesAccessConstraintsExists" time="0.001" classname="de.latlon.ets.wms13.core.dgiwg.testsuite.getcapabilities.GetCapabilitiesAccessConstraintTest">
    <skipped/>
  </testcase> <!-- wmsCapabilitiesAccessConstraintsExists -->
  <testcase name="wmsCapabilitiesDataUrlIsResolvable" time="0.0" classname="de.latlon.ets.wms13.core.dgiwg.testsuite.getcapabilities.GetCapabilitiesDataUrlTest">
    <skipped/>
  </testcase> <!-- wmsCapabilitiesDataUrlIsResolvable -->
  <testcase name="wmsCapabilitiesOutputFormatGetCapabilitiesTextHtmlSupported" time="0.001" classname="de.latlon.ets.wms13.core.dgiwg.testsuite.getcapabilities.ConfiguredOutputFormatTest">
    <skipped/>
  </testcase> <!-- wmsCapabilitiesOutputFormatGetCapabilitiesTextHtmlSupported -->
  <testcase name="wmsCapabilitiesOutputFormatGetCapabilitiesTextXmlSupported" time="0.001" classname="de.latlon.ets.wms13.core.dgiwg.testsuite.getcapabilities.ConfiguredOutputFormatTest">
    <skipped/>
  </testcase> <!-- wmsCapabilitiesOutputFormatGetCapabilitiesTextXmlSupported -->
  <testcase name="wmsCapabilitiesOutputFormatGetFeatureInfoTextHtmlSupported" time="0.003" classname="de.latlon.ets.wms13.core.dgiwg.testsuite.getcapabilities.ConfiguredOutputFormatTest">
    <skipped/>
  </testcase> <!-- wmsCapabilitiesOutputFormatGetFeatureInfoTextHtmlSupported -->
  <testcase name="wmsCapabilitiesOutputFormatGetFeatureInfoTextXmlSupported" time="0.001" classname="de.latlon.ets.wms13.core.dgiwg.testsuite.getcapabilities.ConfiguredOutputFormatTest">
    <skipped/>
  </testcase> <!-- wmsCapabilitiesOutputFormatGetFeatureInfoTextXmlSupported -->
  <testcase name="wmsCapabilitiesOutputFormatGetMapImageGifSupported" time="0.001" classname="de.latlon.ets.wms13.core.dgiwg.testsuite.getcapabilities.ConfiguredOutputFormatTest">
    <skipped/>
  </testcase> <!-- wmsCapabilitiesOutputFormatGetMapImageGifSupported -->
  <testcase name="wmsCapabilitiesOutputFormatGetMapImageJpegSupported" time="0.002" classname="de.latlon.ets.wms13.core.dgiwg.testsuite.getcapabilities.ConfiguredOutputFormatTest">
    <skipped/>
  </testcase> <!-- wmsCapabilitiesOutputFormatGetMapImageJpegSupported -->
  <testcase name="wmsCapabilitiesOutputFormatGetMapImagePngSupported" time="0.004" classname="de.latlon.ets.wms13.core.dgiwg.testsuite.getcapabilities.ConfiguredOutputFormatTest">
    <skipped/>
  </testcase> <!-- wmsCapabilitiesOutputFormatGetMapImagePngSupported -->
  <testcase name="wmsGetMapLayerCrs_Conditional_Supported" time="0.0" classname="de.latlon.ets.wms13.core.dgiwg.testsuite.getmap.GetMapLayerCrsTest">
    <skipped/>
  </testcase> <!-- wmsGetMapLayerCrs_Conditional_Supported -->
  <testcase name="wmsGetMapLayerCrs_Mandatory_CRS_84_Supported" time="0.0" classname="de.latlon.ets.wms13.core.dgiwg.testsuite.getmap.GetMapLayerCrsTest">
    <skipped/>
  </testcase> <!-- wmsGetMapLayerCrs_Mandatory_CRS_84_Supported -->
  <testcase name="wmsGetMapLayerCrs_Mandatory_EPSG_3395_Supported" time="0.0" classname="de.latlon.ets.wms13.core.dgiwg.testsuite.getmap.GetMapLayerCrsTest">
    <skipped/>
  </testcase> <!-- wmsGetMapLayerCrs_Mandatory_EPSG_3395_Supported -->
  <testcase name="wmsGetMapLayerCrs_Mandatory_EPSG_4326_Supported" time="0.0" classname="de.latlon.ets.wms13.core.dgiwg.testsuite.getmap.GetMapLayerCrsTest">
    <skipped/>
  </testcase> <!-- wmsGetMapLayerCrs_Mandatory_EPSG_4326_Supported -->
  <testcase name="wmsCapabilitiesLanguageIsAccepted" time="0.0" classname="de.latlon.ets.wms13.core.dgiwg.testsuite.getcapabilities.GetCapabilitiesAcceptLanguagesTest">
    <skipped/>
  </testcase> <!-- wmsCapabilitiesLanguageIsAccepted -->
  <testcase name="wmsCapabilitiesLayerCrs_Conditional_Supported" time="0.0" classname="de.latlon.ets.wms13.core.dgiwg.testsuite.getcapabilities.GetCapabilitiesLayerCrsTest">
    <skipped/>
  </testcase> <!-- wmsCapabilitiesLayerCrs_Conditional_Supported -->
  <testcase name="wmsCapabilitiesLayerCrs_Mandatory_CRS_84_Supported" time="0.0" classname="de.latlon.ets.wms13.core.dgiwg.testsuite.getcapabilities.GetCapabilitiesLayerCrsTest">
    <skipped/>
  </testcase> <!-- wmsCapabilitiesLayerCrs_Mandatory_CRS_84_Supported -->
  <testcase name="wmsCapabilitiesLayerCrs_Mandatory_EPSG_3395_Supported" time="0.0" classname="de.latlon.ets.wms13.core.dgiwg.testsuite.getcapabilities.GetCapabilitiesLayerCrsTest">
    <skipped/>
  </testcase> <!-- wmsCapabilitiesLayerCrs_Mandatory_EPSG_3395_Supported -->
  <testcase name="wmsCapabilitiesLayerCrs_Mandatory_EPSG_4326_Supported" time="0.0" classname="de.latlon.ets.wms13.core.dgiwg.testsuite.getcapabilities.GetCapabilitiesLayerCrsTest">
    <skipped/>
  </testcase> <!-- wmsCapabilitiesLayerCrs_Mandatory_EPSG_4326_Supported -->
  <testcase name="wmsCapabilitiesFeatureListUrlIsResolvable" time="0.0" classname="de.latlon.ets.wms13.core.dgiwg.testsuite.getcapabilities.GetCapabilitiesFeatureListUrlTest">
    <skipped/>
  </testcase> <!-- wmsCapabilitiesFeatureListUrlIsResolvable -->
  <testcase name="wmsGetFeatureInfoExceptionsWithValueOfHtml" time="0.001" classname="de.latlon.ets.wms13.core.dgiwg.testsuite.getfeatureinfo.GetFeatureInfoExceptionsTest">
    <skipped/>
  </testcase> <!-- wmsGetFeatureInfoExceptionsWithValueOfHtml -->
  <testcase name="wmsGetFeatureInfoExceptionsWithValueOfXml" time="0.001" classname="de.latlon.ets.wms13.core.dgiwg.testsuite.getfeatureinfo.GetFeatureInfoExceptionsTest">
    <skipped/>
  </testcase> <!-- wmsGetFeatureInfoExceptionsWithValueOfXml -->
  <testcase name="wmsCapabilitiesInEnglishLanguage" time="0.001" classname="de.latlon.ets.wms13.core.dgiwg.testsuite.getcapabilities.interactive.GetCapabilitiesInEnglishLanguageTest">
    <skipped/>
  </testcase> <!-- wmsCapabilitiesInEnglishLanguage -->
  <testcase name="wmsCapabilitiesLayerHasCorrectValuesForMinAndMaxDenominator" time="0.0" classname="de.latlon.ets.wms13.core.dgiwg.testsuite.getcapabilities.GetCapabilitiesMinMaxScaleDenominatorsTest">
    <skipped/>
  </testcase> <!-- wmsCapabilitiesLayerHasCorrectValuesForMinAndMaxDenominator -->
  <testcase name="wmsGetMapBlankExceptionsSupported_TransparentFalse" time="0.001" classname="de.latlon.ets.wms13.core.dgiwg.testsuite.getmap.GetMapBlankExceptionsTest">
    <skipped/>
  </testcase> <!-- wmsGetMapBlankExceptionsSupported_TransparentFalse -->
  <testcase name="wmsGetMapBlankExceptionsSupported_TransparentTrue" time="0.001" classname="de.latlon.ets.wms13.core.dgiwg.testsuite.getmap.GetMapBlankExceptionsTest">
    <skipped/>
  </testcase> <!-- wmsGetMapBlankExceptionsSupported_TransparentTrue -->
  <testcase name="wmsCapabilitiesStylesHasNameAndTitle" time="0.0" classname="de.latlon.ets.wms13.core.dgiwg.testsuite.getcapabilities.GetCapabilitiesStyleTest">
    <skipped/>
  </testcase> <!-- wmsCapabilitiesStylesHasNameAndTitle -->
  <testcase name="wmsCapabilitiesOutputFormatTextHtmlSupported" time="0.001" classname="de.latlon.ets.wms13.core.dgiwg.testsuite.getfeatureinfo.GetFeatureInfoOutputFormatTest">
    <skipped/>
  </testcase> <!-- wmsCapabilitiesOutputFormatTextHtmlSupported -->
  <testcase name="wmsCapabilitiesOutputFormatTextXmlSupported" time="0.004" classname="de.latlon.ets.wms13.core.dgiwg.testsuite.getfeatureinfo.GetFeatureInfoOutputFormatTest">
    <skipped/>
  </testcase> <!-- wmsCapabilitiesOutputFormatTextXmlSupported -->
  <testcase name="wmsCapabilitiesLayersLegendUrlIsAccessible" time="0.0" classname="de.latlon.ets.wms13.core.dgiwg.testsuite.getcapabilities.GetCapabilitiesLegendUrlTest">
    <skipped/>
  </testcase> <!-- wmsCapabilitiesLayersLegendUrlIsAccessible -->
  <testcase name="schemaIsWellUsed" time="0.001" classname="de.latlon.ets.wms13.core.dgiwg.testsuite.DuplicatedParametersException">
    <skipped/>
  </testcase> <!-- schemaIsWellUsed -->
  <testcase name="wmsCapabilitiesMaxHeight" time="0.001" classname="de.latlon.ets.wms13.core.dgiwg.testsuite.getcapabilities.GetCapabilitiesMaxExtendTest">
    <skipped/>
  </testcase> <!-- wmsCapabilitiesMaxHeight -->
  <testcase name="wmsCapabilitiesMaxWidth" time="0.01" classname="de.latlon.ets.wms13.core.dgiwg.testsuite.getcapabilities.GetCapabilitiesMaxExtendTest">
    <skipped/>
  </testcase> <!-- wmsCapabilitiesMaxWidth -->
  <testcase name="wmsGetMapOutputFormatImageGifSupported" time="0.0" classname="de.latlon.ets.wms13.core.dgiwg.testsuite.getmap.GetMapOutputFormatTest">
    <skipped/>
  </testcase> <!-- wmsGetMapOutputFormatImageGifSupported -->
  <testcase name="wmsGetMapOutputFormatImageJpegSupported" time="0.001" classname="de.latlon.ets.wms13.core.dgiwg.testsuite.getmap.GetMapOutputFormatTest">
    <skipped/>
  </testcase> <!-- wmsGetMapOutputFormatImageJpegSupported -->
  <testcase name="wmsGetMapOutputFormatImagePngSupported" time="0.0" classname="de.latlon.ets.wms13.core.dgiwg.testsuite.getmap.GetMapOutputFormatTest">
    <skipped/>
  </testcase> <!-- wmsGetMapOutputFormatImagePngSupported -->
  <testcase name="wmsGetCapabilitiesOutputFormatHtmlSupported" time="0.0" classname="de.latlon.ets.wms13.core.dgiwg.testsuite.getcapabilities.GetCapabilitiesOutputFormatTest">
    <skipped/>
  </testcase> <!-- wmsGetCapabilitiesOutputFormatHtmlSupported -->
  <testcase name="wmsGetCapabilitiesOutputFormatXmlSupported" time="0.0" classname="de.latlon.ets.wms13.core.dgiwg.testsuite.getcapabilities.GetCapabilitiesOutputFormatTest">
    <skipped/>
  </testcase> <!-- wmsGetCapabilitiesOutputFormatXmlSupported -->
  <testcase name="serviceIsAvailable" time="0.0" classname="de.latlon.ets.wms13.core.dgiwg.testsuite.Prerequisites">
    <skipped/>
  </testcase> <!-- serviceIsAvailable -->
  <testcase name="wmsCapabilitiesAccessConstraintsContainsValueFromDMF" time="0.0" classname="de.latlon.ets.wms13.core.dgiwg.testsuite.getcapabilities.GetCapabilitiesAccessConstraintTest">
    <skipped/>
  </testcase> <!-- wmsCapabilitiesAccessConstraintsContainsValueFromDMF -->
  <testcase name="wmsGetFeatureInfoOutputFormatTextHtmlSupported" time="0.0" classname="de.latlon.ets.wms13.core.dgiwg.testsuite.getfeatureinfo.GetFeatureInfoOutputFormatTest">
    <skipped/>
  </testcase> <!-- wmsGetFeatureInfoOutputFormatTextHtmlSupported -->
  <testcase name="wmsGetFeatureInfoOutputFormatTextXmlSupported" time="0.0" classname="de.latlon.ets.wms13.core.dgiwg.testsuite.getfeatureinfo.GetFeatureInfoOutputFormatTest">
    <skipped/>
  </testcase> <!-- wmsGetFeatureInfoOutputFormatTextXmlSupported -->
  <testcase name="exceptionCodeIsValid" time="0.0" classname="de.latlon.ets.wms13.core.dgiwg.testsuite.DuplicatedParametersException">
    <skipped/>
  </testcase> <!-- exceptionCodeIsValid -->
</testsuite> <!-- Default test -->
