<?xml version="1.0" encoding="UTF-8"?>
<!-- Generated by org.testng.reporters.JUnitXMLReporter -->
<testsuite hostname="localhost.localdomain" name="Default test" tests="1" failures="0" timestamp="20 May 2021 14:00:46 GMT" time="1.007" errors="0">
  <testcase name="wmsCapabilitiesFormatIsAccepted" time="0.0" classname="de.latlon.ets.wms13.core.dgiwg.testsuite.getcapabilities.GetCapabilitiesAcceptLanguagesTest">
    <skipped/>
  </testcase> <!-- wmsCapabilitiesFormatIsAccepted -->
</testsuite> <!-- Default test -->
